<?xml version="1.0" encoding="UTF-8"?>
<testng-results ignored="0" total="1" passed="1" failed="0" skipped="0">
  <reporter-output>
  </reporter-output>
  <suite started-at="2022-12-21T15:00:57 IST" name="Default suite" finished-at="2022-12-21T15:00:57 IST" duration-ms="80">
    <groups>
    </groups>
    <test started-at="2022-12-21T15:00:57 IST" name="Default test" finished-at="2022-12-21T15:00:57 IST" duration-ms="80">
      <class name="TestNg.ClassA">
        <test-method signature="m1()[pri:0, instance:TestNg.ClassA@5fd4f8f5]" started-at="2022-12-21T15:00:57 IST" name="m1" finished-at="2022-12-21T15:00:57 IST" duration-ms="15" status="PASS">
          <reporter-output>
          </reporter-output>
        </test-method> <!-- m1 -->
      </class> <!-- TestNg.ClassA -->
    </test> <!-- Default test -->
  </suite> <!-- Default suite -->
</testng-results>
